2025-10-20 19:37:55, MOVE, v:1, k:poo@chinela, mode:PICK
2025-10-20 19:38:06, EXEC, v:1, k:poo@chinela, mode:LOCK, rate:0
2025-10-20 19:38:11, EXEC, v:1, k:poo@chinela, mode:LOCK, rate:0
2025-10-20 19:42:43, EXEC, v:1, k:poo@chinela, mode:LOCK, rate:0, size:22
2025-10-20 19:42:44, EXEC, v:1, k:poo@chinela, mode:LOCK, rate:0
2025-10-20 19:42:45, EXEC, v:1, k:poo@chinela, mode:LOCK, rate:0
2025-10-20 19:42:45, EXEC, v:1, k:poo@chinela, mode:LOCK, rate:0
2025-10-20 19:42:45, EXEC, v:1, k:poo@chinela, mode:LOCK, rate:0
2025-10-20 19:42:46, EXEC, v:1, k:poo@chinela, mode:LOCK, rate:0
2025-10-20 19:42:46, EXEC, v:1, k:poo@chinela, mode:LOCK, rate:0
2025-10-20 19:42:47, EXEC, v:1, k:poo@chinela, mode:LOCK, rate:0
2025-10-20 19:42:47, EXEC, v:1, k:poo@chinela, mode:LOCK, rate:0
2025-10-20 19:42:48, EXEC, v:1, k:poo@chinela, mode:LOCK, rate:0
2025-10-20 19:42:49, EXEC, v:1, k:poo@chinela, mode:LOCK, rate:0
2025-10-20 19:43:02, EXEC, v:1, k:poo@chinela, mode:LOCK, rate:0, size:22
2025-10-20 19:43:12, EXEC, v:1, k:poo@chinela, mode:LOCK, rate:0, size:22
2025-10-20 19:49:06, MOVE, v:1, k:poo@chinela, mode:BACK
2025-10-20 19:49:12, MOVE, v:1, k:poo@chinela, mode:PICK
2025-10-20 19:49:40, MOVE, v:1, k:poo@chinela, mode:BACK
2025-10-20 19:51:51, MOVE, v:1, k:poo@camisa, mode:DOWN
2025-10-20 19:51:54, MOVE, v:1, k:poo@camisa, mode:PICK
2025-10-20 20:02:21, EXEC, v:1, k:poo@camisa, mode:LOCK, rate:0, size:20
2025-10-20 20:02:36, EXEC, v:1, k:poo@camisa, mode:LOCK, rate:0, size:20
2025-10-20 20:02:46, EXEC, v:1, k:poo@camisa, mode:LOCK, rate:0, size:20
2025-10-20 20:04:58, EXEC, v:1, k:poo@camisa, mode:LOCK, rate:0
2025-10-20 20:04:59, EXEC, v:1, k:poo@camisa, mode:LOCK, rate:0
2025-10-20 20:14:14, EXEC, v:1, k:poo@camisa, mode:LOCK, rate:0, size:20
2025-10-20 20:14:55, EXEC, v:1, k:poo@camisa, mode:LOCK, rate:0, size:20
2025-10-20 20:15:00, EXEC, v:1, k:poo@camisa, mode:LOCK, rate:0, size:20
2025-10-20 20:24:11, EXEC, v:1, k:poo@camisa, mode:FREE
2025-10-20 20:42:33, MOVE, v:1, k:poo@camisa, mode:BACK
2025-10-20 20:48:24, MOVE, v:1, k:poo@chinela, mode:PICK
2025-10-20 20:48:34, EXEC, v:1, k:poo@chinela, mode:FREE
2025-10-20 20:49:00, MOVE, v:1, k:poo@chinela, mode:BACK
