2025-10-21 13:27:33, MOVE, v:1, k:poo@relogio, mode:PICK
2025-10-21 13:27:46, EXEC, v:1, k:poo@relogio, mode:FULL, rate:76
2025-10-21 13:30:00, EXEC, v:1, k:poo@relogio, mode:FREE
2025-10-21 13:31:59, EXEC, v:1, k:poo@relogio, mode:FULL, rate:0, size:78
2025-10-21 13:32:05, EXEC, v:1, k:poo@relogio, mode:FULL, rate:0
2025-10-21 13:32:06, EXEC, v:1, k:poo@relogio, mode:FULL, rate:0
2025-10-21 13:33:33, EXEC, v:1, k:poo@relogio, mode:FULL, rate:76, size:75
2025-10-21 13:35:45, EXEC, v:1, k:poo@relogio, mode:FULL, rate:100, size:78
2025-10-21 13:35:59, MOVE, v:1, k:poo@relogio, mode:BACK
2025-10-21 13:37:25, MOVE, v:1, k:poo@notebook, mode:DOWN
2025-10-21 13:37:26, MOVE, v:1, k:poo@notebook, mode:PICK
2025-10-21 13:37:28, EXEC, v:1, k:poo@notebook, mode:LOCK, rate:100, size:0
2025-10-21 13:38:04, MOVE, v:1, k:poo@notebook, mode:PICK
2025-10-21 13:40:26, MOVE, v:1, k:poo@notebook, mode:BACK
2025-10-21 13:40:36, MOVE, v:1, k:poo@motoca, mode:DOWN
2025-10-21 13:40:38, MOVE, v:1, k:poo@motoca, mode:PICK
2025-10-21 14:17:06, MOVE, v:1, k:poo@motoca, mode:BACK
2025-10-21 23:06:33, MOVE, v:1, k:poo@motoca, mode:PICK
2025-10-21 23:23:03, MOVE, v:1, k:poo@motoca, mode:BACK
2025-10-21 23:26:08, MOVE, v:1, k:poo@chinela, mode:PICK
2025-10-21 23:26:17, MOVE, v:1, k:poo@chinela, mode:BACK
2025-10-21 23:26:20, MOVE, v:1, k:poo@camisa, mode:PICK
2025-10-21 23:26:25, MOVE, v:1, k:poo@camisa, mode:BACK
2025-10-21 23:26:27, MOVE, v:1, k:poo@roupa, mode:PICK
2025-10-21 23:26:37, MOVE, v:1, k:poo@roupa, mode:BACK
